28/04/2018 12:29:00 PagSeguro.br.com.uol.pagseguro.api.checkout.CheckoutsResource[INFO]: Iniciando checkout
28/04/2018 12:29:01 PagSeguro.br.com.uol.pagseguro.api.checkout.CheckoutsResource[INFO]: Convertendo valores
28/04/2018 12:29:01 PagSeguro.br.com.uol.pagseguro.api.checkout.CheckoutsResource[INFO]: Valores convertidos
28/04/2018 12:29:01 PagSeguro.br.com.uol.pagseguro.api.checkout.CheckoutsResource[FINE]: Parametros: RequestMap{map={itemId1=0001, extraAmount=1.00, shippingAddressState=PR, itemId2=0002, shippingType=2, paymentMethodConfigKey2_1=DISCOUNT_PERCENT, paymentMethodConfigKey3_1=MAX_INSTALLMENTS_LIMIT, paymentMethodConfigKey1_1=DISCOUNT_PERCENT, senderCPF=99999999999, reference=XXXXXX, senderName=Jose Comprador, shippingAddressComplement=99o andar, paymentMethodConfigKey4_1=MAX_INSTALLMENTS_NO_INTEREST, shippingAddressNumber=9999, senderEmail=comprador@uol.com.br, paymentMethodGroup4=CREDIT_CARD, currency=BRL, senderAreaCode=99, paymentMethodGroup1=CREDIT_CARD, shippingAddressStreet=Av. PagSeguro, paymentMethodGroup3=CREDIT_CARD, paymentMethodGroup2=BOLETO, shippingAddressCity=Cidade Exemplo, itemQuantity1=1, itemWeight1=1000, shippingCost=10.00, itemWeight2=750, itemQuantity2=2, acceptPaymentMethodGroup=BALANCE,BOLETO, shippingAddressCountry=BRA, senderPhone=99999999, shippingAddressDistrict=Jardim Internet, itemDescription1=Produto PagSeguroI, itemDescription2=Produto PagSeguroII, shippingAddressPostalCode=99999999, itemAmount1=99999.99, itemAmount2=99999.98, paymentMethodConfigValue1_1=10.00, paymentMethodConfigValue2_1=10.00, paymentMethodConfigValue3_1=10, paymentMethodConfigValue4_1=5}}
28/04/2018 12:29:01 PagSeguro.br.com.uol.pagseguro.api.http.AuthenticatedHttpClient[INFO]: Correlation Id: f3d9bda3-15be-46eb-a211-cd2980a25826
28/04/2018 12:29:01 PagSeguro.br.com.uol.pagseguro.api.http.JSEHttpClient[INFO]: Executando [POST] em [https://ws.sandbox.pagseguro.uol.com.br/v2/checkout?email=lazarushotelaria@gmail.com&token=E156FE9A310341BF9E21B2D0D5B92EBE&correlationId=f3d9bda3-15be-46eb-a211-cd2980a25826]
28/04/2018 12:29:01 PagSeguro.br.com.uol.pagseguro.api.http.JSEHttpClient[INFO]: Abrindo conexao
28/04/2018 12:29:01 PagSeguro.br.com.uol.pagseguro.api.http.JSEHttpClient[INFO]: Escrevendo body
28/04/2018 12:29:02 PagSeguro.br.com.uol.pagseguro.api.http.JSEHttpClient[INFO]: Lendo resposta
28/04/2018 12:29:02 PagSeguro.br.com.uol.pagseguro.api.http.JSEHttpClient[INFO]: Fechando conexao
28/04/2018 12:29:02 PagSeguro.br.com.uol.pagseguro.api.checkout.CheckoutsResource[FINE]: Resposta: HttpResponse{responseAsString='<?xml version="1.0" encoding="ISO-8859-1" standalone="yes"?><checkout><code>363A3CC41C1CAA4554A95F90B2728740</code><date>2018-04-28T12:29:05.000-03:00</date></checkout>', status=200}
28/04/2018 12:29:02 PagSeguro.br.com.uol.pagseguro.api.checkout.CheckoutsResource[INFO]: Parseando XML de resposta
28/04/2018 12:29:03 PagSeguro.br.com.uol.pagseguro.api.checkout.CheckoutsResource[INFO]: Parseamento finalizado
28/04/2018 12:29:03 PagSeguro.br.com.uol.pagseguro.api.checkout.CheckoutsResource[INFO]: Checkout finalizado
28/04/2018 12:35:56 PagSeguro.br.com.uol.pagseguro.api.checkout.CheckoutsResource[INFO]: Iniciando checkout
28/04/2018 12:35:56 PagSeguro.br.com.uol.pagseguro.api.checkout.CheckoutsResource[INFO]: Convertendo valores
28/04/2018 12:35:56 PagSeguro.br.com.uol.pagseguro.api.checkout.CheckoutsResource[INFO]: Valores convertidos
28/04/2018 12:35:56 PagSeguro.br.com.uol.pagseguro.api.checkout.CheckoutsResource[FINE]: Parametros: RequestMap{map={itemId1=0001, extraAmount=1.00, shippingAddressState=PR, itemId2=0002, shippingType=2, paymentMethodConfigKey2_1=DISCOUNT_PERCENT, paymentMethodConfigKey3_1=MAX_INSTALLMENTS_LIMIT, paymentMethodConfigKey1_1=DISCOUNT_PERCENT, senderCPF=99999999999, reference=XXXXXX, senderName=Jose Comprador, shippingAddressComplement=99o andar, paymentMethodConfigKey4_1=MAX_INSTALLMENTS_NO_INTEREST, shippingAddressNumber=9999, senderEmail=comprador@uol.com.br, paymentMethodGroup4=CREDIT_CARD, currency=BRL, senderAreaCode=99, paymentMethodGroup1=CREDIT_CARD, shippingAddressStreet=Av. PagSeguro, paymentMethodGroup3=CREDIT_CARD, paymentMethodGroup2=BOLETO, shippingAddressCity=Cidade Exemplo, itemQuantity1=1, itemWeight1=1000, shippingCost=10.00, itemWeight2=750, itemQuantity2=2, acceptPaymentMethodGroup=BALANCE,BOLETO, shippingAddressCountry=BRA, senderPhone=99999999, shippingAddressDistrict=Jardim Internet, itemDescription1=Produto PagSeguroI, itemDescription2=Produto PagSeguroII, shippingAddressPostalCode=99999999, itemAmount1=99999.99, itemAmount2=99999.98, paymentMethodConfigValue1_1=10.00, paymentMethodConfigValue2_1=10.00, paymentMethodConfigValue3_1=10, paymentMethodConfigValue4_1=5}}
28/04/2018 12:35:56 PagSeguro.br.com.uol.pagseguro.api.http.AuthenticatedHttpClient[INFO]: Correlation Id: e0222407-b3d1-4364-9a23-d651c2456974
28/04/2018 12:35:56 PagSeguro.br.com.uol.pagseguro.api.http.JSEHttpClient[INFO]: Executando [POST] em [https://ws.sandbox.pagseguro.uol.com.br/v2/checkout?appId=app8230426496&appKey=96229D705454A21EE4037FA4A52D642C&correlationId=e0222407-b3d1-4364-9a23-d651c2456974]
28/04/2018 12:35:56 PagSeguro.br.com.uol.pagseguro.api.http.JSEHttpClient[INFO]: Abrindo conexao
28/04/2018 12:35:57 PagSeguro.br.com.uol.pagseguro.api.http.JSEHttpClient[INFO]: Escrevendo body
28/04/2018 12:35:57 PagSeguro.br.com.uol.pagseguro.api.http.JSEHttpClient[INFO]: Lendo resposta
28/04/2018 12:35:57 PagSeguro.br.com.uol.pagseguro.api.http.JSEHttpClient[INFO]: Fechando conexao
28/04/2018 12:35:57 PagSeguro.br.com.uol.pagseguro.api.checkout.CheckoutsResource[FINE]: Resposta: HttpResponse{responseAsString='Unauthorized', status=401}
28/04/2018 12:35:57 PagSeguro.br.com.uol.pagseguro.api.checkout.CheckoutsResource[INFO]: Parseando XML de resposta
28/04/2018 12:47:50 PagSeguro.br.com.uol.pagseguro.api.checkout.CheckoutsResource[INFO]: Iniciando checkout
28/04/2018 12:47:51 PagSeguro.br.com.uol.pagseguro.api.checkout.CheckoutsResource[INFO]: Convertendo valores
28/04/2018 12:47:51 PagSeguro.br.com.uol.pagseguro.api.checkout.CheckoutsResource[INFO]: Valores convertidos
28/04/2018 12:47:51 PagSeguro.br.com.uol.pagseguro.api.checkout.CheckoutsResource[FINE]: Parametros: RequestMap{map={itemId1=0001, extraAmount=1.00, itemId2=0002, paymentMethodConfigKey2_1=DISCOUNT_PERCENT, paymentMethodConfigKey3_1=MAX_INSTALLMENTS_LIMIT, paymentMethodConfigKey1_1=DISCOUNT_PERCENT, senderCPF=99999999999, reference=XXXXXX, senderName=Jose Comprador, paymentMethodConfigKey4_1=MAX_INSTALLMENTS_NO_INTEREST, senderEmail=comprador@uol.com.br, paymentMethodGroup4=CREDIT_CARD, currency=BRL, senderAreaCode=99, paymentMethodGroup1=CREDIT_CARD, paymentMethodGroup3=CREDIT_CARD, paymentMethodGroup2=BOLETO, itemQuantity1=1, itemWeight1=1000, itemWeight2=750, itemQuantity2=2, acceptPaymentMethodGroup=BALANCE,BOLETO, senderPhone=99999999, itemDescription1=Produto PagSeguroI, itemDescription2=Produto PagSeguroII, itemAmount1=99999.99, itemAmount2=99999.98, paymentMethodConfigValue1_1=10.00, paymentMethodConfigValue2_1=10.00, paymentMethodConfigValue3_1=10, paymentMethodConfigValue4_1=5}}
28/04/2018 12:47:51 PagSeguro.br.com.uol.pagseguro.api.http.AuthenticatedHttpClient[INFO]: Correlation Id: 629f6900-3845-4c04-8d47-fb59653531a4
28/04/2018 12:47:51 PagSeguro.br.com.uol.pagseguro.api.http.JSEHttpClient[INFO]: Executando [POST] em [https://ws.sandbox.pagseguro.uol.com.br/v2/checkout?email=lazarushotelaria@gmail.com&token=E156FE9A310341BF9E21B2D0D5B92EBE&correlationId=629f6900-3845-4c04-8d47-fb59653531a4]
28/04/2018 12:47:51 PagSeguro.br.com.uol.pagseguro.api.http.JSEHttpClient[INFO]: Abrindo conexao
28/04/2018 12:47:51 PagSeguro.br.com.uol.pagseguro.api.http.JSEHttpClient[INFO]: Escrevendo body
28/04/2018 12:47:53 PagSeguro.br.com.uol.pagseguro.api.http.JSEHttpClient[INFO]: Lendo resposta
28/04/2018 12:47:53 PagSeguro.br.com.uol.pagseguro.api.http.JSEHttpClient[INFO]: Fechando conexao
28/04/2018 12:47:53 PagSeguro.br.com.uol.pagseguro.api.checkout.CheckoutsResource[FINE]: Resposta: HttpResponse{responseAsString='<?xml version="1.0" encoding="ISO-8859-1" standalone="yes"?><checkout><code>796C2C111313846774EA6F9A00E79FBB</code><date>2018-04-28T12:47:56.000-03:00</date></checkout>', status=200}
28/04/2018 12:47:53 PagSeguro.br.com.uol.pagseguro.api.checkout.CheckoutsResource[INFO]: Parseando XML de resposta
28/04/2018 12:47:54 PagSeguro.br.com.uol.pagseguro.api.checkout.CheckoutsResource[INFO]: Parseamento finalizado
28/04/2018 12:47:54 PagSeguro.br.com.uol.pagseguro.api.checkout.CheckoutsResource[INFO]: Checkout finalizado
